
*** Running vivado
    with args -log twelve_one_mux.vds -m64 -product Vivado -mode batch -messageDb vivado.pb -notrace -source twelve_one_mux.tcl



****** Vivado v2022.2 (64-bit)
  **** SW Build 3671981 on Fri Oct 14 05:00:03 MDT 2022
  **** IP Build 3669848 on Fri Oct 14 08:30:02 MDT 2022
    ** Copyright 1986-2022 Xilinx, Inc. All Rights Reserved.

source twelve_one_mux.tcl -notrace
create_project: Time (s): cpu = 00:00:06 ; elapsed = 00:00:06 . Memory (MB): peak = 372.707 ; gain = 65.508
Command: read_checkpoint -auto_incremental -incremental C:/Users/User/Desktop/FPGA/FPGA_lab5/project_2_12_1_mux/project_2_12_1_mux.srcs/utils_1/imports/synth_1/twelve_one_mux.dcp
INFO: [Vivado 12-5825] Read reference checkpoint from C:/Users/User/Desktop/FPGA/FPGA_lab5/project_2_12_1_mux/project_2_12_1_mux.srcs/utils_1/imports/synth_1/twelve_one_mux.dcp for incremental synthesis
INFO: [Vivado 12-7989] Please ensure there are no constraint changes
Command: synth_design -top twelve_one_mux -part xc7s50csga324-1
Starting synth_design
Attempting to get a license for feature 'Synthesis' and/or device 'xc7s50'
INFO: [Common 17-349] Got license for feature 'Synthesis' and/or device 'xc7s50'
INFO: [Device 21-403] Loading part xc7s50csga324-1
INFO: [Designutils 20-5440] No compile time benefit to using incremental synthesis; A full resynthesis will be run
INFO: [Designutils 20-4379] Flow is switching to default flow due to incremental criteria not met. If you would like to alter this behaviour and have the flow terminate instead, please set the following parameter config_implementation {autoIncr.Synth.RejectBehavior Terminate}
INFO: [Synth 8-7079] Multithreading enabled for synth_design using a maximum of 2 processes.
INFO: [Synth 8-7078] Launching helper process for spawning children vivado processes
INFO: [Synth 8-7075] Helper process launched with PID 2256
INFO: [Synth 8-11241] undeclared symbol 'REGCCE', assumed default net type 'wire' [C:/Xilinx/Vivado/2022.2/data/verilog/src/unimacro/BRAM_SINGLE_MACRO.v:2170]
---------------------------------------------------------------------------------
Starting RTL Elaboration : Time (s): cpu = 00:00:08 ; elapsed = 00:00:08 . Memory (MB): peak = 1179.879 ; gain = 408.711
---------------------------------------------------------------------------------
INFO: [Synth 8-6157] synthesizing module 'twelve_one_mux' [C:/Users/User/Desktop/FPGA/FPGA_lab5/project_2_12_1_mux/project_2_12_1_mux.srcs/sources_1/new/twelve_one_mux.v:23]
INFO: [Synth 8-6155] done synthesizing module 'twelve_one_mux' (0#1) [C:/Users/User/Desktop/FPGA/FPGA_lab5/project_2_12_1_mux/project_2_12_1_mux.srcs/sources_1/new/twelve_one_mux.v:23]
WARNING: [Synth 8-7129] Port sw[11] in module twelve_one_mux is either unconnected or has no load
WARNING: [Synth 8-7129] Port sw[10] in module twelve_one_mux is either unconnected or has no load
WARNING: [Synth 8-7129] Port sw[9] in module twelve_one_mux is either unconnected or has no load
WARNING: [Synth 8-7129] Port sw[8] in module twelve_one_mux is either unconnected or has no load
WARNING: [Synth 8-7129] Port sw[7] in module twelve_one_mux is either unconnected or has no load
WARNING: [Synth 8-7129] Port sw[6] in module twelve_one_mux is either unconnected or has no load
WARNING: [Synth 8-7129] Port sw[5] in module twelve_one_mux is either unconnected or has no load
WARNING: [Synth 8-7129] Port sw[4] in module twelve_one_mux is either unconnected or has no load
WARNING: [Synth 8-7129] Port sw[3] in module twelve_one_mux is either unconnected or has no load
WARNING: [Synth 8-7129] Port sw[2] in module twelve_one_mux is either unconnected or has no load
WARNING: [Synth 8-7129] Port sw[1] in module twelve_one_mux is either unconnected or has no load
WARNING: [Synth 8-7129] Port sw[0] in module twelve_one_mux is either unconnected or has no load
---------------------------------------------------------------------------------
Finished RTL Elaboration : Time (s): cpu = 00:00:10 ; elapsed = 00:00:10 . Memory (MB): peak = 1268.297 ; gain = 497.129
---------------------------------------------------------------------------------
---------------------------------------------------------------------------------
Start Handling Custom Attributes
---------------------------------------------------------------------------------
---------------------------------------------------------------------------------
Finished Handling Custom Attributes : Time (s): cpu = 00:00:10 ; elapsed = 00:00:11 . Memory (MB): peak = 1268.297 ; gain = 497.129
---------------------------------------------------------------------------------
---------------------------------------------------------------------------------
Finished RTL Optimization Phase 1 : Time (s): cpu = 00:00:10 ; elapsed = 00:00:11 . Memory (MB): peak = 1268.297 ; gain = 497.129
---------------------------------------------------------------------------------
Netlist sorting complete. Time (s): cpu = 00:00:00 ; elapsed = 00:00:00 . Memory (MB): peak = 1268.297 ; gain = 0.000
INFO: [Project 1-570] Preparing netlist for logic optimization

Processing XDC Constraints
Initializing timing engine
Parsing XDC File [C:/Users/User/Desktop/FPGA/FPGA_lab5/project_2_12_1_mux/project_2_12_1_mux.srcs/constrs_1/new/twelve_one_mux.xdc]
Finished Parsing XDC File [C:/Users/User/Desktop/FPGA/FPGA_lab5/project_2_12_1_mux/project_2_12_1_mux.srcs/constrs_1/new/twelve_one_mux.xdc]
INFO: [Project 1-236] Implementation specific constraints were found while reading constraint file [C:/Users/User/Desktop/FPGA/FPGA_lab5/project_2_12_1_mux/project_2_12_1_mux.srcs/constrs_1/new/twelve_one_mux.xdc]. These constraints will be ignored for synthesis but will be used in implementation. Impacted constraints are listed in the file [.Xil/twelve_one_mux_propImpl.xdc].
Resolution: To avoid this warning, move constraints listed in [.Xil/twelve_one_mux_propImpl.xdc] to another XDC file and exclude this new file from synthesis with the used_in_synthesis property (File Properties dialog in GUI) and re-run elaboration/synthesis.
Completed Processing XDC Constraints

Netlist sorting complete. Time (s): cpu = 00:00:00 ; elapsed = 00:00:00 . Memory (MB): peak = 1268.297 ; gain = 0.000
INFO: [Project 1-111] Unisim Transformation Summary:
No Unisim elements were transformed.

Constraint Validation Runtime : Time (s): cpu = 00:00:00 ; elapsed = 00:00:00.002 . Memory (MB): peak = 1268.297 ; gain = 0.000
INFO: [Designutils 20-5440] No compile time benefit to using incremental synthesis; A full resynthesis will be run
INFO: [Designutils 20-4379] Flow is switching to default flow due to incremental criteria not met. If you would like to alter this behaviour and have the flow terminate instead, please set the following parameter config_implementation {autoIncr.Synth.RejectBehavior Terminate}
INFO: [Synth 8-11241] undeclared symbol 'REGCCE', assumed default net type 'wire' [C:/Xilinx/Vivado/2022.2/data/verilog/src/unimacro/BRAM_SINGLE_MACRO.v:2170]
---------------------------------------------------------------------------------
Finished Constraint Validation : Time (s): cpu = 00:00:20 ; elapsed = 00:00:21 . Memory (MB): peak = 1268.297 ; gain = 497.129
---------------------------------------------------------------------------------
---------------------------------------------------------------------------------
Start Loading Part and Timing Information
---------------------------------------------------------------------------------
Loading part: xc7s50csga324-1
---------------------------------------------------------------------------------
Finished Loading Part and Timing Information : Time (s): cpu = 00:00:20 ; elapsed = 00:00:21 . Memory (MB): peak = 1268.297 ; gain = 497.129
---------------------------------------------------------------------------------
---------------------------------------------------------------------------------
Start Applying 'set_property' XDC Constraints
---------------------------------------------------------------------------------
---------------------------------------------------------------------------------
Finished applying 'set_property' XDC Constraints : Time (s): cpu = 00:00:20 ; elapsed = 00:00:21 . Memory (MB): peak = 1268.297 ; gain = 497.129
---------------------------------------------------------------------------------
---------------------------------------------------------------------------------
Finished RTL Optimization Phase 2 : Time (s): cpu = 00:00:20 ; elapsed = 00:00:21 . Memory (MB): peak = 1268.297 ; gain = 497.129
---------------------------------------------------------------------------------
---------------------------------------------------------------------------------
Start RTL Component Statistics 
---------------------------------------------------------------------------------
Detailed RTL Component Info : 
+---Muxes : 
	   2 Input    2 Bit        Muxes := 1     
---------------------------------------------------------------------------------
Finished RTL Component Statistics 
---------------------------------------------------------------------------------
---------------------------------------------------------------------------------
Start Part Resource Summary
---------------------------------------------------------------------------------
Part Resources:
DSPs: 120 (col length:60)
BRAMs: 150 (col length: RAMB18 60 RAMB36 30)
---------------------------------------------------------------------------------
Finished Part Resource Summary
---------------------------------------------------------------------------------
---------------------------------------------------------------------------------
Start Cross Boundary and Area Optimization
---------------------------------------------------------------------------------
WARNING: [Synth 8-7080] Parallel synthesis criteria is not met
WARNING: [Synth 8-7129] Port sw[11] in module twelve_one_mux is either unconnected or has no load
WARNING: [Synth 8-7129] Port sw[10] in module twelve_one_mux is either unconnected or has no load
WARNING: [Synth 8-7129] Port sw[9] in module twelve_one_mux is either unconnected or has no load
WARNING: [Synth 8-7129] Port sw[8] in module twelve_one_mux is either unconnected or has no load
WARNING: [Synth 8-7129] Port sw[7] in module twelve_one_mux is either unconnected or has no load
WARNING: [Synth 8-7129] Port sw[6] in module twelve_one_mux is either unconnected or has no load
WARNING: [Synth 8-7129] Port sw[5] in module twelve_one_mux is either unconnected or has no load
WARNING: [Synth 8-7129] Port sw[4] in module twelve_one_mux is either unconnected or has no load
WARNING: [Synth 8-7129] Port sw[3] in module twelve_one_mux is either unconnected or has no load
WARNING: [Synth 8-7129] Port sw[2] in module twelve_one_mux is either unconnected or has no load
WARNING: [Synth 8-7129] Port sw[1] in module twelve_one_mux is either unconnected or has no load
WARNING: [Synth 8-7129] Port sw[0] in module twelve_one_mux is either unconnected or has no load
---------------------------------------------------------------------------------
Finished Cross Boundary and Area Optimization : Time (s): cpu = 00:00:23 ; elapsed = 00:00:24 . Memory (MB): peak = 1268.297 ; gain = 497.129
---------------------------------------------------------------------------------
---------------------------------------------------------------------------------
Start Applying XDC Timing Constraints
---------------------------------------------------------------------------------
---------------------------------------------------------------------------------
Finished Applying XDC Timing Constraints : Time (s): cpu = 00:00:30 ; elapsed = 00:00:31 . Memory (MB): peak = 1273.004 ; gain = 501.836
---------------------------------------------------------------------------------
---------------------------------------------------------------------------------
Start Timing Optimization
---------------------------------------------------------------------------------
---------------------------------------------------------------------------------
Finished Timing Optimization : Time (s): cpu = 00:00:30 ; elapsed = 00:00:31 . Memory (MB): peak = 1273.004 ; gain = 501.836
---------------------------------------------------------------------------------
---------------------------------------------------------------------------------
Start Technology Mapping
---------------------------------------------------------------------------------
---------------------------------------------------------------------------------
Finished Technology Mapping : Time (s): cpu = 00:00:31 ; elapsed = 00:00:31 . Memory (MB): peak = 1292.113 ; gain = 520.945
---------------------------------------------------------------------------------
---------------------------------------------------------------------------------
Start IO Insertion
---------------------------------------------------------------------------------
---------------------------------------------------------------------------------
Start Flattening Before IO Insertion
---------------------------------------------------------------------------------
---------------------------------------------------------------------------------
Finished Flattening Before IO Insertion
---------------------------------------------------------------------------------
---------------------------------------------------------------------------------
Start Final Netlist Cleanup
---------------------------------------------------------------------------------
---------------------------------------------------------------------------------
Finished Final Netlist Cleanup
---------------------------------------------------------------------------------
---------------------------------------------------------------------------------
Finished IO Insertion : Time (s): cpu = 00:00:38 ; elapsed = 00:00:39 . Memory (MB): peak = 1297.875 ; gain = 526.707
---------------------------------------------------------------------------------
---------------------------------------------------------------------------------
Start Renaming Generated Instances
---------------------------------------------------------------------------------
---------------------------------------------------------------------------------
Finished Renaming Generated Instances : Time (s): cpu = 00:00:38 ; elapsed = 00:00:39 . Memory (MB): peak = 1297.875 ; gain = 526.707
---------------------------------------------------------------------------------
---------------------------------------------------------------------------------
Start Rebuilding User Hierarchy
---------------------------------------------------------------------------------
---------------------------------------------------------------------------------
Finished Rebuilding User Hierarchy : Time (s): cpu = 00:00:38 ; elapsed = 00:00:39 . Memory (MB): peak = 1297.875 ; gain = 526.707
---------------------------------------------------------------------------------
---------------------------------------------------------------------------------
Start Renaming Generated Ports
---------------------------------------------------------------------------------
---------------------------------------------------------------------------------
Finished Renaming Generated Ports : Time (s): cpu = 00:00:38 ; elapsed = 00:00:39 . Memory (MB): peak = 1297.875 ; gain = 526.707
---------------------------------------------------------------------------------
---------------------------------------------------------------------------------
Start Handling Custom Attributes
---------------------------------------------------------------------------------
---------------------------------------------------------------------------------
Finished Handling Custom Attributes : Time (s): cpu = 00:00:38 ; elapsed = 00:00:39 . Memory (MB): peak = 1297.875 ; gain = 526.707
---------------------------------------------------------------------------------
---------------------------------------------------------------------------------
Start Renaming Generated Nets
---------------------------------------------------------------------------------
---------------------------------------------------------------------------------
Finished Renaming Generated Nets : Time (s): cpu = 00:00:38 ; elapsed = 00:00:39 . Memory (MB): peak = 1297.875 ; gain = 526.707
---------------------------------------------------------------------------------
---------------------------------------------------------------------------------
Start Writing Synthesis Report
---------------------------------------------------------------------------------

Report BlackBoxes: 
+-+--------------+----------+
| |BlackBox name |Instances |
+-+--------------+----------+
+-+--------------+----------+

Report Cell Usage: 
+------+-----+------+
|      |Cell |Count |
+------+-----+------+
|1     |LUT2 |     2|
|2     |IBUF |     2|
|3     |OBUF |     2|
+------+-----+------+
---------------------------------------------------------------------------------
Finished Writing Synthesis Report : Time (s): cpu = 00:00:38 ; elapsed = 00:00:39 . Memory (MB): peak = 1297.875 ; gain = 526.707
---------------------------------------------------------------------------------
Synthesis finished with 0 errors, 0 critical warnings and 13 warnings.
Synthesis Optimization Runtime : Time (s): cpu = 00:00:26 ; elapsed = 00:00:36 . Memory (MB): peak = 1297.875 ; gain = 526.707
Synthesis Optimization Complete : Time (s): cpu = 00:00:38 ; elapsed = 00:00:39 . Memory (MB): peak = 1297.875 ; gain = 526.707
INFO: [Project 1-571] Translating synthesized netlist
Netlist sorting complete. Time (s): cpu = 00:00:00 ; elapsed = 00:00:00 . Memory (MB): peak = 1309.914 ; gain = 0.000
INFO: [Project 1-570] Preparing netlist for logic optimization
INFO: [Opt 31-138] Pushed 0 inverter(s) to 0 load pin(s).
Netlist sorting complete. Time (s): cpu = 00:00:00 ; elapsed = 00:00:00 . Memory (MB): peak = 1315.566 ; gain = 0.000
INFO: [Project 1-111] Unisim Transformation Summary:
No Unisim elements were transformed.

Synth Design complete, checksum: e4998b79
INFO: [Common 17-83] Releasing license: Synthesis
23 Infos, 25 Warnings, 0 Critical Warnings and 0 Errors encountered.
synth_design completed successfully
synth_design: Time (s): cpu = 00:00:43 ; elapsed = 00:00:46 . Memory (MB): peak = 1315.566 ; gain = 918.000
INFO: [Common 17-1381] The checkpoint 'C:/Users/User/Desktop/FPGA/FPGA_lab5/project_2_12_1_mux/project_2_12_1_mux.runs/synth_1/twelve_one_mux.dcp' has been generated.
INFO: [runtcl-4] Executing : report_utilization -file twelve_one_mux_utilization_synth.rpt -pb twelve_one_mux_utilization_synth.pb
INFO: [Common 17-206] Exiting Vivado at Sun May 28 18:06:35 2023...
